
*** Running vivado
    with args -log design_1_exp_from_uv_0_0.vds -m64 -product Vivado -mode batch -messageDb vivado.pb -notrace -source design_1_exp_from_uv_0_0.tcl


****** Vivado v2024.2 (64-bit)
  **** SW Build 5239630 on Fri Nov 08 22:34:34 MST 2024
  **** IP Build 5239520 on Sun Nov 10 16:12:51 MST 2024
  **** SharedData Build 5239561 on Fri Nov 08 14:39:27 MST 2024
  **** Start of session at: Wed Oct  8 16:56:05 2025
    ** Copyright 1986-2022 Xilinx, Inc. All Rights Reserved.
    ** Copyright 2022-2024 Advanced Micro Devices, Inc. All Rights Reserved.

source design_1_exp_from_uv_0_0.tcl -notrace
INFO: [IP_Flow 19-234] Refreshing IP repositories
INFO: [IP_Flow 19-1704] No user IP repositories specified
INFO: [IP_Flow 19-2313] Loaded Vivado IP repository '/home/anderson/vivado/Vivado/2024.2/data/ip'.
Command: synth_design -top design_1_exp_from_uv_0_0 -part xck26-sfvc784-2LV-c -incremental_mode off -mode out_of_context
Starting synth_design
Attempting to get a license for feature 'Synthesis' and/or device 'xck26'
INFO: [Common 17-349] Got license for feature 'Synthesis' and/or device 'xck26'
INFO: [Designutils 20-5008] Incremental synthesis strategy off
INFO: [Synth 8-7079] Multithreading enabled for synth_design using a maximum of 7 processes.
INFO: [Synth 8-7078] Launching helper process for spawning children vivado processes
INFO: [Synth 8-7075] Helper process launched with PID 61832
---------------------------------------------------------------------------------
Starting Synthesize : Time (s): cpu = 00:00:03 ; elapsed = 00:00:03 . Memory (MB): peak = 1775.363 ; gain = 303.785 ; free physical = 2347 ; free virtual = 17026
---------------------------------------------------------------------------------
INFO: [Synth 8-6157] synthesizing module 'design_1_exp_from_uv_0_0' [/home/anderson/vivado/project/Activation_accelerator/Activation_accelerator.gen/sources_1/bd/design_1/ip/design_1_exp_from_uv_0_0/synth/design_1_exp_from_uv_0_0.v:53]
INFO: [Synth 8-6157] synthesizing module 'exp_from_uv' [/home/anderson/vivado/project/Activation_accelerator/Activation_accelerator.srcs/sources_1/new/exp_from_uv.v:23]
INFO: [Synth 8-6155] done synthesizing module 'exp_from_uv' (0#1) [/home/anderson/vivado/project/Activation_accelerator/Activation_accelerator.srcs/sources_1/new/exp_from_uv.v:23]
INFO: [Synth 8-6155] done synthesizing module 'design_1_exp_from_uv_0_0' (0#1) [/home/anderson/vivado/project/Activation_accelerator/Activation_accelerator.gen/sources_1/bd/design_1/ip/design_1_exp_from_uv_0_0/synth/design_1_exp_from_uv_0_0.v:53]
---------------------------------------------------------------------------------
Finished Synthesize : Time (s): cpu = 00:00:03 ; elapsed = 00:00:04 . Memory (MB): peak = 1846.301 ; gain = 374.723 ; free physical = 2191 ; free virtual = 16871
---------------------------------------------------------------------------------
---------------------------------------------------------------------------------
Finished Constraint Validation : Time (s): cpu = 00:00:04 ; elapsed = 00:00:04 . Memory (MB): peak = 1864.113 ; gain = 392.535 ; free physical = 2209 ; free virtual = 16890
---------------------------------------------------------------------------------
---------------------------------------------------------------------------------
Start Loading Part and Timing Information
---------------------------------------------------------------------------------
Loading part: xck26-sfvc784-2LV-c
INFO: [Synth 8-6742] Reading net delay rules and data
INFO: [Device 21-403] Loading part xck26-sfvc784-2LV-c
---------------------------------------------------------------------------------
Finished Loading Part and Timing Information : Time (s): cpu = 00:00:04 ; elapsed = 00:00:04 . Memory (MB): peak = 1873.020 ; gain = 401.441 ; free physical = 2209 ; free virtual = 16891
---------------------------------------------------------------------------------
---------------------------------------------------------------------------------
Finished RTL Optimization Phase 2 : Time (s): cpu = 00:00:04 ; elapsed = 00:00:04 . Memory (MB): peak = 1873.020 ; gain = 401.441 ; free physical = 2193 ; free virtual = 16874
---------------------------------------------------------------------------------
No constraint files found.
---------------------------------------------------------------------------------
Start RTL Component Statistics 
---------------------------------------------------------------------------------
Detailed RTL Component Info : 
+---Adders : 
	   2 Input    9 Bit       Adders := 1     
	   2 Input    8 Bit       Adders := 2     
+---Registers : 
	               16 Bit    Registers := 1     
	                1 Bit    Registers := 1     
+---Muxes : 
	   2 Input    8 Bit        Muxes := 1     
---------------------------------------------------------------------------------
Finished RTL Component Statistics 
---------------------------------------------------------------------------------
---------------------------------------------------------------------------------
Start Part Resource Summary
---------------------------------------------------------------------------------
Part Resources:
DSPs: 1248 (col length:96)
BRAMs: 288 (col length: RAMB18 96 RAMB36 48)
---------------------------------------------------------------------------------
Finished Part Resource Summary
---------------------------------------------------------------------------------
No constraint files found.
---------------------------------------------------------------------------------
Start Cross Boundary and Area Optimization
---------------------------------------------------------------------------------
WARNING: [Synth 8-7080] Parallel synthesis criteria is not met
INFO: [Synth 8-3917] design design_1_exp_from_uv_0_0 has port M_AXIS_TDATA[15] driven by constant 0
---------------------------------------------------------------------------------
Finished Cross Boundary and Area Optimization : Time (s): cpu = 00:00:07 ; elapsed = 00:00:07 . Memory (MB): peak = 2656.902 ; gain = 1185.324 ; free physical = 740 ; free virtual = 15420
---------------------------------------------------------------------------------
No constraint files found.
---------------------------------------------------------------------------------
Start Timing Optimization
---------------------------------------------------------------------------------
---------------------------------------------------------------------------------
Finished Timing Optimization : Time (s): cpu = 00:00:07 ; elapsed = 00:00:07 . Memory (MB): peak = 2656.902 ; gain = 1185.324 ; free physical = 736 ; free virtual = 15417
---------------------------------------------------------------------------------
---------------------------------------------------------------------------------
Start Technology Mapping
---------------------------------------------------------------------------------
---------------------------------------------------------------------------------
Finished Technology Mapping : Time (s): cpu = 00:00:07 ; elapsed = 00:00:07 . Memory (MB): peak = 2656.902 ; gain = 1185.324 ; free physical = 736 ; free virtual = 15417
---------------------------------------------------------------------------------
---------------------------------------------------------------------------------
Start IO Insertion
---------------------------------------------------------------------------------
---------------------------------------------------------------------------------
Start Flattening Before IO Insertion
---------------------------------------------------------------------------------
---------------------------------------------------------------------------------
Finished Flattening Before IO Insertion
---------------------------------------------------------------------------------
---------------------------------------------------------------------------------
Start Final Netlist Cleanup
---------------------------------------------------------------------------------
---------------------------------------------------------------------------------
Finished Final Netlist Cleanup
---------------------------------------------------------------------------------
---------------------------------------------------------------------------------
Finished IO Insertion : Time (s): cpu = 00:00:09 ; elapsed = 00:00:09 . Memory (MB): peak = 2665.809 ; gain = 1194.230 ; free physical = 708 ; free virtual = 15389
---------------------------------------------------------------------------------
---------------------------------------------------------------------------------
Start Renaming Generated Instances
---------------------------------------------------------------------------------
---------------------------------------------------------------------------------
Finished Renaming Generated Instances : Time (s): cpu = 00:00:09 ; elapsed = 00:00:09 . Memory (MB): peak = 2665.809 ; gain = 1194.230 ; free physical = 708 ; free virtual = 15389
---------------------------------------------------------------------------------
---------------------------------------------------------------------------------
Start Rebuilding User Hierarchy
---------------------------------------------------------------------------------
---------------------------------------------------------------------------------
Finished Rebuilding User Hierarchy : Time (s): cpu = 00:00:09 ; elapsed = 00:00:09 . Memory (MB): peak = 2665.809 ; gain = 1194.230 ; free physical = 708 ; free virtual = 15389
---------------------------------------------------------------------------------
---------------------------------------------------------------------------------
Start Renaming Generated Ports
---------------------------------------------------------------------------------
---------------------------------------------------------------------------------
Finished Renaming Generated Ports : Time (s): cpu = 00:00:09 ; elapsed = 00:00:09 . Memory (MB): peak = 2665.809 ; gain = 1194.230 ; free physical = 708 ; free virtual = 15389
---------------------------------------------------------------------------------
---------------------------------------------------------------------------------
Start Handling Custom Attributes
---------------------------------------------------------------------------------
---------------------------------------------------------------------------------
Finished Handling Custom Attributes : Time (s): cpu = 00:00:09 ; elapsed = 00:00:09 . Memory (MB): peak = 2665.809 ; gain = 1194.230 ; free physical = 708 ; free virtual = 15389
---------------------------------------------------------------------------------
---------------------------------------------------------------------------------
Start Renaming Generated Nets
---------------------------------------------------------------------------------
---------------------------------------------------------------------------------
Finished Renaming Generated Nets : Time (s): cpu = 00:00:09 ; elapsed = 00:00:09 . Memory (MB): peak = 2665.809 ; gain = 1194.230 ; free physical = 708 ; free virtual = 15389
---------------------------------------------------------------------------------
---------------------------------------------------------------------------------
Start Writing Synthesis Report
---------------------------------------------------------------------------------

Report BlackBoxes: 
+-+--------------+----------+
| |BlackBox name |Instances |
+-+--------------+----------+
+-+--------------+----------+

Report Cell Usage: 
+------+-----+------+
|      |Cell |Count |
+------+-----+------+
|1     |LUT1 |     1|
|2     |LUT2 |     3|
|3     |LUT3 |     3|
|4     |LUT4 |     2|
|5     |LUT5 |     6|
|6     |LUT6 |     7|
|7     |FDCE |    17|
+------+-----+------+

Report Instance Areas: 
+------+---------+------------+------+
|      |Instance |Module      |Cells |
+------+---------+------------+------+
|1     |top      |            |    39|
|2     |  inst   |exp_from_uv |    39|
+------+---------+------------+------+
---------------------------------------------------------------------------------
Finished Writing Synthesis Report : Time (s): cpu = 00:00:09 ; elapsed = 00:00:09 . Memory (MB): peak = 2665.809 ; gain = 1194.230 ; free physical = 708 ; free virtual = 15389
---------------------------------------------------------------------------------
Synthesis finished with 0 errors, 0 critical warnings and 1 warnings.
Synthesis Optimization Runtime : Time (s): cpu = 00:00:09 ; elapsed = 00:00:09 . Memory (MB): peak = 2665.809 ; gain = 1194.230 ; free physical = 694 ; free virtual = 15375
Synthesis Optimization Complete : Time (s): cpu = 00:00:09 ; elapsed = 00:00:09 . Memory (MB): peak = 2665.816 ; gain = 1194.230 ; free physical = 695 ; free virtual = 15376
INFO: [Project 1-571] Translating synthesized netlist
Netlist sorting complete. Time (s): cpu = 00:00:00 ; elapsed = 00:00:00 . Memory (MB): peak = 2680.684 ; gain = 0.000 ; free physical = 838 ; free virtual = 15520
INFO: [Project 1-570] Preparing netlist for logic optimization
INFO: [Opt 31-138] Pushed 0 inverter(s) to 0 load pin(s).
Netlist sorting complete. Time (s): cpu = 00:00:00 ; elapsed = 00:00:00 . Memory (MB): peak = 2801.234 ; gain = 0.000 ; free physical = 949 ; free virtual = 15630
INFO: [Project 1-111] Unisim Transformation Summary:
No Unisim elements were transformed.

Synth Design complete | Checksum: 5e46d672
INFO: [Common 17-83] Releasing license: Synthesis
20 Infos, 1 Warnings, 0 Critical Warnings and 0 Errors encountered.
synth_design completed successfully
synth_design: Time (s): cpu = 00:00:14 ; elapsed = 00:00:12 . Memory (MB): peak = 2801.234 ; gain = 1385.684 ; free physical = 949 ; free virtual = 15630
INFO: [Common 17-2834] synth_design peak Physical Memory [PSS] (MB): overall = 1920.682; main = 1920.682; forked = 0.000
INFO: [Common 17-2834] synth_design peak Virtual Memory [VSS] (MB): overall = 2801.238; main = 2801.238; forked = 0.000
INFO: [Timing 38-35] Done setting XDC timing constraints.
Write ShapeDB Complete: Time (s): cpu = 00:00:00 ; elapsed = 00:00:00 . Memory (MB): peak = 3441.008 ; gain = 0.000 ; free physical = 285 ; free virtual = 14840
INFO: [Common 17-1381] The checkpoint '/home/anderson/vivado/project/Activation_accelerator/Activation_accelerator.runs/design_1_exp_from_uv_0_0_synth_1/design_1_exp_from_uv_0_0.dcp' has been generated.
write_checkpoint: Time (s): cpu = 00:00:07 ; elapsed = 00:00:07 . Memory (MB): peak = 3441.008 ; gain = 639.773 ; free physical = 261 ; free virtual = 14817
INFO: [Vivado 12-24828] Executing command : report_utilization -file design_1_exp_from_uv_0_0_utilization_synth.rpt -pb design_1_exp_from_uv_0_0_utilization_synth.pb
INFO: [Common 17-206] Exiting Vivado at Wed Oct  8 16:56:29 2025...
