INFO: [VRFC 10-2263] Analyzing Verilog file "/home/anderson/vivado/project/Activation_accelerator/Activation_accelerator.srcs/sources_1/new/bf16_2_fp32.v" into library xil_defaultlib
INFO: [VRFC 10-311] analyzing module bf16_2_fp32
INFO: [VRFC 10-2263] Analyzing Verilog file "/home/anderson/vivado/project/Activation_accelerator/Activation_accelerator.srcs/sources_1/new/shift.v" into library xil_defaultlib
INFO: [VRFC 10-311] analyzing module shift
INFO: [VRFC 10-2263] Analyzing Verilog file "/home/anderson/vivado/project/Activation_accelerator/Activation_accelerator.ip_user_files/bd/design_1/ip/design_1_bf16_2_fp32_0_0/sim/design_1_bf16_2_fp32_0_0.v" into library xil_defaultlib
INFO: [VRFC 10-311] analyzing module design_1_bf16_2_fp32_0_0
INFO: [VRFC 10-2263] Analyzing Verilog file "/home/anderson/vivado/project/Activation_accelerator/Activation_accelerator.ip_user_files/bd/design_1/ip/design_1_shift_0_0/sim/design_1_shift_0_0.v" into library xil_defaultlib
INFO: [VRFC 10-311] analyzing module design_1_shift_0_0
INFO: [VRFC 10-2263] Analyzing Verilog file "/home/anderson/vivado/project/Activation_accelerator/Activation_accelerator.ip_user_files/bd/design_1/sim/design_1.v" into library xil_defaultlib
INFO: [VRFC 10-311] analyzing module design_1
INFO: [VRFC 10-2263] Analyzing Verilog file "/home/anderson/vivado/project/Activation_accelerator/Activation_accelerator.gen/sources_1/bd/design_1/hdl/design_1_wrapper.v" into library xil_defaultlib
INFO: [VRFC 10-311] analyzing module design_1_wrapper
INFO: [VRFC 10-2263] Analyzing Verilog file "/home/anderson/vivado/project/Activation_accelerator/Activation_accelerator.srcs/sim_1/new/block_tb.v" into library xil_defaultlib
INFO: [VRFC 10-311] analyzing module block_tb
ERROR: [VRFC 10-8616] 'send_axis_data' requires 1 arguments [/home/anderson/vivado/project/Activation_accelerator/Activation_accelerator.srcs/sim_1/new/block_tb.v:119]
ERROR: [VRFC 10-8616] 'send_axis_data' requires 1 arguments [/home/anderson/vivado/project/Activation_accelerator/Activation_accelerator.srcs/sim_1/new/block_tb.v:120]
ERROR: [VRFC 10-8616] 'send_axis_data' requires 1 arguments [/home/anderson/vivado/project/Activation_accelerator/Activation_accelerator.srcs/sim_1/new/block_tb.v:125]
ERROR: [VRFC 10-8616] 'send_axis_data' requires 1 arguments [/home/anderson/vivado/project/Activation_accelerator/Activation_accelerator.srcs/sim_1/new/block_tb.v:126]
ERROR: [VRFC 10-8616] 'send_axis_data' requires 1 arguments [/home/anderson/vivado/project/Activation_accelerator/Activation_accelerator.srcs/sim_1/new/block_tb.v:132]
ERROR: [VRFC 10-8616] 'send_axis_data' requires 1 arguments [/home/anderson/vivado/project/Activation_accelerator/Activation_accelerator.srcs/sim_1/new/block_tb.v:134]
ERROR: [VRFC 10-8616] 'send_axis_data' requires 1 arguments [/home/anderson/vivado/project/Activation_accelerator/Activation_accelerator.srcs/sim_1/new/block_tb.v:136]
ERROR: [VRFC 10-8530] module 'block_tb' is ignored due to previous errors [/home/anderson/vivado/project/Activation_accelerator/Activation_accelerator.srcs/sim_1/new/block_tb.v:23]
