
*** Running vivado
    with args -log design_1_bf16_2_fp32_0_0.vds -m64 -product Vivado -mode batch -messageDb vivado.pb -notrace -source design_1_bf16_2_fp32_0_0.tcl


****** Vivado v2023.2 (64-bit)
  **** SW Build 4029153 on Fri Oct 13 20:13:54 MDT 2023
  **** IP Build 4028589 on Sat Oct 14 00:45:43 MDT 2023
  **** SharedData Build 4025554 on Tue Oct 10 17:18:54 MDT 2023
    ** Copyright 1986-2022 Xilinx, Inc. All Rights Reserved.
    ** Copyright 2022-2023 Advanced Micro Devices, Inc. All Rights Reserved.

source design_1_bf16_2_fp32_0_0.tcl -notrace
create_project: Time (s): cpu = 00:00:06 ; elapsed = 00:00:05 . Memory (MB): peak = 1307.508 ; gain = 94.039 ; free physical = 2973 ; free virtual = 17718
INFO: [IP_Flow 19-234] Refreshing IP repositories
INFO: [IP_Flow 19-1704] No user IP repositories specified
INFO: [IP_Flow 19-2313] Loaded Vivado IP repository '/home/anderson/vivado/Vivado/2023.2/data/ip'.
INFO: [IP_Flow 19-6924] IPCACHE: Running cache check for IP inst: design_1_bf16_2_fp32_0_0
INFO: [IP_Flow 19-6922] IPCACHE: Exporting cached entry 3571ce89c4ee2db0 to dir: /home/anderson/vivado/project/Activation_accelerator/Activation_accelerator.runs/design_1_bf16_2_fp32_0_0_synth_1
INFO: [IP_Flow 19-6928] IPCACHE: copied cached file /home/anderson/vivado/project/Activation_accelerator/Activation_accelerator.cache/ip/2023.2/3/5/3571ce89c4ee2db0/design_1_bf16_2_fp32_0_0_sim_netlist.vhdl to /home/anderson/vivado/project/Activation_accelerator/Activation_accelerator.runs/design_1_bf16_2_fp32_0_0_synth_1/design_1_bf16_2_fp32_0_0_sim_netlist.vhdl.
INFO: [IP_Flow 19-6928] IPCACHE: copied cached file /home/anderson/vivado/project/Activation_accelerator/Activation_accelerator.cache/ip/2023.2/3/5/3571ce89c4ee2db0/design_1_bf16_2_fp32_0_0_stub.v to /home/anderson/vivado/project/Activation_accelerator/Activation_accelerator.runs/design_1_bf16_2_fp32_0_0_synth_1/design_1_bf16_2_fp32_0_0_stub.v.
INFO: [IP_Flow 19-6928] IPCACHE: copied cached file /home/anderson/vivado/project/Activation_accelerator/Activation_accelerator.cache/ip/2023.2/3/5/3571ce89c4ee2db0/design_1_bf16_2_fp32_0_0_sim_netlist.v to /home/anderson/vivado/project/Activation_accelerator/Activation_accelerator.runs/design_1_bf16_2_fp32_0_0_synth_1/design_1_bf16_2_fp32_0_0_sim_netlist.v.
INFO: [IP_Flow 19-6928] IPCACHE: copied cached file /home/anderson/vivado/project/Activation_accelerator/Activation_accelerator.cache/ip/2023.2/3/5/3571ce89c4ee2db0/design_1_bf16_2_fp32_0_0_stub.vhdl to /home/anderson/vivado/project/Activation_accelerator/Activation_accelerator.runs/design_1_bf16_2_fp32_0_0_synth_1/design_1_bf16_2_fp32_0_0_stub.vhdl.
INFO: [IP_Flow 19-6928] IPCACHE: copied cached file /home/anderson/vivado/project/Activation_accelerator/Activation_accelerator.cache/ip/2023.2/3/5/3571ce89c4ee2db0/design_1_bf16_2_fp32_0_0.dcp to /home/anderson/vivado/project/Activation_accelerator/Activation_accelerator.runs/design_1_bf16_2_fp32_0_0_synth_1/design_1_bf16_2_fp32_0_0.dcp.
INFO: [IP_Flow 19-4838] Using cached IP synthesis design for IP design_1_bf16_2_fp32_0_0, cache-ID = 3571ce89c4ee2db0.
INFO: [Common 17-206] Exiting Vivado at Mon Sep 29 17:15:58 2025...
