** Warning: (vlib-34) Library already exists at "modelsim_lib/work".
** Warning: (vlib-34) Library already exists at "modelsim_lib/msim".
** Warning: (vlib-34) Library already exists at "modelsim_lib/msim/xbip_utils_v3_0_14".
** Warning: (vlib-34) Library already exists at "modelsim_lib/msim/c_reg_fd_v12_0_10".
** Warning: (vlib-34) Library already exists at "modelsim_lib/msim/c_shift_ram_v12_0_18".
** Warning: (vlib-34) Library already exists at "modelsim_lib/msim/xil_defaultlib".
** Warning: (vlib-34) Library already exists at "modelsim_lib/msim/axi_utils_v2_0_10".
** Warning: (vlib-34) Library already exists at "modelsim_lib/msim/xbip_pipe_v3_0_10".
** Warning: (vlib-34) Library already exists at "modelsim_lib/msim/xbip_dsp48_wrapper_v3_0_6".
** Warning: (vlib-34) Library already exists at "modelsim_lib/msim/mult_gen_v12_0_22".
** Warning: (vlib-34) Library already exists at "modelsim_lib/msim/floating_point_v7_1_19".
** Warning: (vlib-34) Library already exists at "modelsim_lib/msim/axis_combiner_v1_1_31".
** Warning: (vlib-34) Library already exists at "modelsim_lib/msim/axis_broadcaster_v1_1_32".
Model Technology ModelSim - Intel FPGA Edition vmap 2020.1 Lib Mapping Utility 2020.02 Feb 28 2020
vmap xbip_utils_v3_0_14 modelsim_lib/msim/xbip_utils_v3_0_14 
Modifying modelsim.ini
Model Technology ModelSim - Intel FPGA Edition vmap 2020.1 Lib Mapping Utility 2020.02 Feb 28 2020
vmap c_reg_fd_v12_0_10 modelsim_lib/msim/c_reg_fd_v12_0_10 
Modifying modelsim.ini
Model Technology ModelSim - Intel FPGA Edition vmap 2020.1 Lib Mapping Utility 2020.02 Feb 28 2020
vmap c_shift_ram_v12_0_18 modelsim_lib/msim/c_shift_ram_v12_0_18 
Modifying modelsim.ini
Model Technology ModelSim - Intel FPGA Edition vmap 2020.1 Lib Mapping Utility 2020.02 Feb 28 2020
vmap xil_defaultlib modelsim_lib/msim/xil_defaultlib 
Modifying modelsim.ini
Model Technology ModelSim - Intel FPGA Edition vmap 2020.1 Lib Mapping Utility 2020.02 Feb 28 2020
vmap axi_utils_v2_0_10 modelsim_lib/msim/axi_utils_v2_0_10 
Modifying modelsim.ini
Model Technology ModelSim - Intel FPGA Edition vmap 2020.1 Lib Mapping Utility 2020.02 Feb 28 2020
vmap xbip_pipe_v3_0_10 modelsim_lib/msim/xbip_pipe_v3_0_10 
Modifying modelsim.ini
Model Technology ModelSim - Intel FPGA Edition vmap 2020.1 Lib Mapping Utility 2020.02 Feb 28 2020
vmap xbip_dsp48_wrapper_v3_0_6 modelsim_lib/msim/xbip_dsp48_wrapper_v3_0_6 
Modifying modelsim.ini
Model Technology ModelSim - Intel FPGA Edition vmap 2020.1 Lib Mapping Utility 2020.02 Feb 28 2020
vmap mult_gen_v12_0_22 modelsim_lib/msim/mult_gen_v12_0_22 
Modifying modelsim.ini
Model Technology ModelSim - Intel FPGA Edition vmap 2020.1 Lib Mapping Utility 2020.02 Feb 28 2020
vmap floating_point_v7_1_19 modelsim_lib/msim/floating_point_v7_1_19 
Modifying modelsim.ini
Model Technology ModelSim - Intel FPGA Edition vmap 2020.1 Lib Mapping Utility 2020.02 Feb 28 2020
vmap axis_combiner_v1_1_31 modelsim_lib/msim/axis_combiner_v1_1_31 
Modifying modelsim.ini
Model Technology ModelSim - Intel FPGA Edition vmap 2020.1 Lib Mapping Utility 2020.02 Feb 28 2020
vmap axis_broadcaster_v1_1_32 modelsim_lib/msim/axis_broadcaster_v1_1_32 
Modifying modelsim.ini
Model Technology ModelSim - Intel FPGA Edition vcom 2020.1 Compiler 2020.02 Feb 28 2020
Start time: 10:41:17 on Oct 16,2025
vcom -93 -work xbip_utils_v3_0_14 ../../../../Activation_accelerator.ip_user_files/ipstatic/hdl/xbip_utils_v3_0_vh_rfs.vhd 
-- Loading package STANDARD
End time: 10:41:17 on Oct 16,2025, Elapsed time: 0:00:00
Errors: 0, Warnings: 0
Model Technology ModelSim - Intel FPGA Edition vcom 2020.1 Compiler 2020.02 Feb 28 2020
Start time: 10:41:17 on Oct 16,2025
vcom -93 -work c_reg_fd_v12_0_10 ../../../../Activation_accelerator.ip_user_files/ipstatic/hdl/c_reg_fd_v12_0_vh_rfs.vhd 
-- Loading package STANDARD
End time: 10:41:17 on Oct 16,2025, Elapsed time: 0:00:00
Errors: 0, Warnings: 0
Model Technology ModelSim - Intel FPGA Edition vcom 2020.1 Compiler 2020.02 Feb 28 2020
Start time: 10:41:17 on Oct 16,2025
vcom -93 -work c_shift_ram_v12_0_18 ../../../../Activation_accelerator.ip_user_files/ipstatic/hdl/c_shift_ram_v12_0_vh_rfs.vhd 
-- Loading package STANDARD
End time: 10:41:18 on Oct 16,2025, Elapsed time: 0:00:01
Errors: 0, Warnings: 0
Model Technology ModelSim - Intel FPGA Edition vcom 2020.1 Compiler 2020.02 Feb 28 2020
Start time: 10:41:18 on Oct 16,2025
vcom -93 -work xil_defaultlib ../../../../Activation_accelerator.gen/sources_1/ip/c_shift_ram_0/sim/c_shift_ram_0.vhd 
-- Loading package STANDARD
-- Loading package TEXTIO
-- Loading package std_logic_1164
-- Loading package NUMERIC_STD
-- Compiling entity c_shift_ram_0
-- Compiling architecture c_shift_ram_0_arch of c_shift_ram_0
End time: 10:41:18 on Oct 16,2025, Elapsed time: 0:00:00
Errors: 0, Warnings: 0
Model Technology ModelSim - Intel FPGA Edition vlog 2020.1 Compiler 2020.02 Feb 28 2020
Start time: 10:41:18 on Oct 16,2025
vlog -incr -mfcu -work xil_defaultlib "+incdir+../../../../Activation_accelerator.ip_user_files/ipstatic/hdl" ../../../../Activation_accelerator.srcs/sources_1/new/get_maxof8.v ../../../../Activation_accelerator.srcs/sources_1/new/serial_max.v ../../../../Activation_accelerator.srcs/sources_1/new/max.v 
-- Skipping module get_maxof8
-- Skipping module serial_max
-- Skipping module max

Top level modules:
	max
End time: 10:41:18 on Oct 16,2025, Elapsed time: 0:00:00
Errors: 0, Warnings: 0
Model Technology ModelSim - Intel FPGA Edition vcom 2020.1 Compiler 2020.02 Feb 28 2020
Start time: 10:41:18 on Oct 16,2025
vcom -93 -work axi_utils_v2_0_10 ../../../../Activation_accelerator.ip_user_files/ipstatic/hdl/axi_utils_v2_0_vh_rfs.vhd 
-- Loading package STANDARD
End time: 10:41:18 on Oct 16,2025, Elapsed time: 0:00:00
Errors: 0, Warnings: 0
Model Technology ModelSim - Intel FPGA Edition vcom 2020.1 Compiler 2020.02 Feb 28 2020
Start time: 10:41:18 on Oct 16,2025
vcom -93 -work xbip_pipe_v3_0_10 ../../../../Activation_accelerator.ip_user_files/ipstatic/hdl/xbip_pipe_v3_0_vh_rfs.vhd 
-- Loading package STANDARD
End time: 10:41:18 on Oct 16,2025, Elapsed time: 0:00:00
Errors: 0, Warnings: 0
Model Technology ModelSim - Intel FPGA Edition vcom 2020.1 Compiler 2020.02 Feb 28 2020
Start time: 10:41:18 on Oct 16,2025
vcom -93 -work xbip_dsp48_wrapper_v3_0_6 ../../../../Activation_accelerator.ip_user_files/ipstatic/hdl/xbip_dsp48_wrapper_v3_0_vh_rfs.vhd 
-- Loading package STANDARD
End time: 10:41:19 on Oct 16,2025, Elapsed time: 0:00:01
Errors: 0, Warnings: 0
Model Technology ModelSim - Intel FPGA Edition vcom 2020.1 Compiler 2020.02 Feb 28 2020
Start time: 10:41:19 on Oct 16,2025
vcom -93 -work mult_gen_v12_0_22 ../../../../Activation_accelerator.ip_user_files/ipstatic/hdl/mult_gen_v12_0_vh_rfs.vhd 
-- Loading package STANDARD
End time: 10:41:19 on Oct 16,2025, Elapsed time: 0:00:00
Errors: 0, Warnings: 0
Model Technology ModelSim - Intel FPGA Edition vcom 2020.1 Compiler 2020.02 Feb 28 2020
Start time: 10:41:20 on Oct 16,2025
vcom -93 -work floating_point_v7_1_19 ../../../../Activation_accelerator.ip_user_files/ipstatic/hdl/floating_point_v7_1_rfs.vhd 
-- Loading package STANDARD
End time: 10:41:21 on Oct 16,2025, Elapsed time: 0:00:01
Errors: 0, Warnings: 0
Model Technology ModelSim - Intel FPGA Edition vlog 2020.1 Compiler 2020.02 Feb 28 2020
Start time: 10:41:21 on Oct 16,2025
vlog -incr -mfcu -work floating_point_v7_1_19 "+incdir+../../../../Activation_accelerator.ip_user_files/ipstatic/hdl" ../../../../Activation_accelerator.ip_user_files/ipstatic/hdl/floating_point_v7_1_rfs.v 

Top level modules:
End time: 10:41:22 on Oct 16,2025, Elapsed time: 0:00:01
Errors: 0, Warnings: 0
Model Technology ModelSim - Intel FPGA Edition vlog 2020.1 Compiler 2020.02 Feb 28 2020
Start time: 10:41:22 on Oct 16,2025
vlog -incr -mfcu -work xil_defaultlib "+incdir+../../../../Activation_accelerator.ip_user_files/ipstatic/hdl" ../../../../Activation_accelerator.gen/sources_1/ip/floating_point_0/sim/floating_point_0.v 
-- Skipping module floating_point_0

Top level modules:
	floating_point_0
End time: 10:41:22 on Oct 16,2025, Elapsed time: 0:00:00
Errors: 0, Warnings: 0
Model Technology ModelSim - Intel FPGA Edition vlog 2020.1 Compiler 2020.02 Feb 28 2020
Start time: 10:41:22 on Oct 16,2025
vlog -incr -mfcu -work axis_combiner_v1_1_31 "+incdir+../../../../Activation_accelerator.ip_user_files/ipstatic/hdl" ../../../../Activation_accelerator.ip_user_files/ipstatic/hdl/axis_combiner_v1_1_vl_rfs.v 
-- Skipping module axis_combiner_v1_1_31_top

Top level modules:
	axis_combiner_v1_1_31_top
End time: 10:41:22 on Oct 16,2025, Elapsed time: 0:00:00
Errors: 0, Warnings: 0
Model Technology ModelSim - Intel FPGA Edition vlog 2020.1 Compiler 2020.02 Feb 28 2020
Start time: 10:41:22 on Oct 16,2025
vlog -incr -mfcu -work xil_defaultlib "+incdir+../../../../Activation_accelerator.ip_user_files/ipstatic/hdl" ../../../../Activation_accelerator.gen/sources_1/ip/axis_combiner_0/sim/axis_combiner_0.v ../../../../Activation_accelerator.gen/sources_1/ip/axis_broadcaster_0/hdl/tdata_axis_broadcaster_0.v ../../../../Activation_accelerator.gen/sources_1/ip/axis_broadcaster_0/hdl/tuser_axis_broadcaster_0.v 
-- Skipping module axis_combiner_0
-- Skipping module tdata_axis_broadcaster_0
-- Skipping module tuser_axis_broadcaster_0

Top level modules:
	axis_combiner_0
	tdata_axis_broadcaster_0
	tuser_axis_broadcaster_0
End time: 10:41:22 on Oct 16,2025, Elapsed time: 0:00:00
Errors: 0, Warnings: 0
Model Technology ModelSim - Intel FPGA Edition vlog 2020.1 Compiler 2020.02 Feb 28 2020
Start time: 10:41:22 on Oct 16,2025
vlog -incr -mfcu -work axis_broadcaster_v1_1_32 "+incdir+../../../../Activation_accelerator.ip_user_files/ipstatic/hdl" ../../../../Activation_accelerator.ip_user_files/ipstatic/hdl/axis_broadcaster_v1_1_vl_rfs.v 
-- Skipping module axis_broadcaster_v1_1_32_core

Top level modules:
	axis_broadcaster_v1_1_32_core
End time: 10:41:22 on Oct 16,2025, Elapsed time: 0:00:00
Errors: 0, Warnings: 0
Model Technology ModelSim - Intel FPGA Edition vlog 2020.1 Compiler 2020.02 Feb 28 2020
Start time: 10:41:22 on Oct 16,2025
vlog -incr -mfcu -work xil_defaultlib "+incdir+../../../../Activation_accelerator.ip_user_files/ipstatic/hdl" ../../../../Activation_accelerator.gen/sources_1/ip/axis_broadcaster_0/hdl/top_axis_broadcaster_0.v ../../../../Activation_accelerator.gen/sources_1/ip/axis_broadcaster_0/sim/axis_broadcaster_0.v ../../../../Activation_accelerator.srcs/sources_1/new/sub_max.v ../../../../Activation_accelerator.srcs/sources_1/new/exp_from_uv.v ../../../../Activation_accelerator.srcs/sources_1/new/get_u_v.v ../../../../Activation_accelerator.srcs/sources_1/new/multiple_log2e.v ../../../../Activation_accelerator.srcs/sources_1/new/exp.v ../../../../Activation_accelerator.ip_user_files/bd/design_1/ip/design_1_max_0_0/sim/design_1_max_0_0.v ../../../../Activation_accelerator.ip_user_files/bd/design_1/ip/design_1_sub_max_0_0/sim/design_1_sub_max_0_0.v ../../../../Activation_accelerator.ip_user_files/bd/design_1/ip/design_1_exp_0_0/sim/design_1_exp_0_0.v ../../../../Activation_accelerator.ip_user_files/bd/design_1/sim/design_1.v ../../../../Activation_accelerator.gen/sources_1/bd/design_1/hdl/design_1_wrapper.v ../../../../Activation_accelerator.srcs/sim_1/new/block_tb.v 
-- Skipping module top_axis_broadcaster_0
-- Skipping module axis_broadcaster_0
-- Skipping module sub_max
-- Skipping module exp_from_uv
-- Skipping module get_u_v
-- Skipping module multiple_log2e
-- Skipping module exp
-- Skipping module design_1_max_0_0
-- Skipping module design_1_sub_max_0_0
-- Skipping module design_1_exp_0_0
-- Skipping module design_1
-- Skipping module design_1_wrapper
-- Skipping module block_tb

Top level modules:
	block_tb
End time: 10:41:22 on Oct 16,2025, Elapsed time: 0:00:00
Errors: 0, Warnings: 0
Model Technology ModelSim - Intel FPGA Edition vlog 2020.1 Compiler 2020.02 Feb 28 2020
Start time: 10:41:22 on Oct 16,2025
vlog -work xil_defaultlib glbl.v 
-- Compiling module glbl

Top level modules:
	glbl
End time: 10:41:22 on Oct 16,2025, Elapsed time: 0:00:00
Errors: 0, Warnings: 0
