# do {block_tb_simulate.do}
# vsim -voptargs=""+acc"" -L xil_defaultlib -L unisims_ver -L unimacro_ver -L secureip -L xpm -lib xil_defaultlib xil_defaultlib.block_tb xil_defaultlib.glbl 
# Start time: 20:48:50 on Oct 09,2025
# Loading xil_defaultlib.block_tb
# Loading xil_defaultlib.exp
# Loading xil_defaultlib.glbl
# Loading xil_defaultlib.multiple_log2e
# Loading xil_defaultlib.get_u_v
# Loading xil_defaultlib.exp_from_uv
# ** Warning: (vsim-3015) [PCDPC] - Port size (16) does not match connection size (128) for port 'M_AXIS_TDATA'. The port definition is at: ../../../../Activation_accelerator.srcs/sources_1/new/exp_from_uv.v(30).
#    Time: 0 ps  Iteration: 0  Instance: /block_tb/dut/exp_inst[0]/exp_from_uv_inst File: ../../../../Activation_accelerator.srcs/sources_1/new/exp.v Line: 75
# ** Warning: (vsim-3015) [PCDPC] - Port size (16) does not match connection size (128) for port 'M_AXIS_TDATA'. The port definition is at: ../../../../Activation_accelerator.srcs/sources_1/new/exp_from_uv.v(30).
#    Time: 0 ps  Iteration: 0  Instance: /block_tb/dut/exp_inst[1]/exp_from_uv_inst File: ../../../../Activation_accelerator.srcs/sources_1/new/exp.v Line: 75
# ** Warning: (vsim-3015) [PCDPC] - Port size (16) does not match connection size (128) for port 'M_AXIS_TDATA'. The port definition is at: ../../../../Activation_accelerator.srcs/sources_1/new/exp_from_uv.v(30).
#    Time: 0 ps  Iteration: 0  Instance: /block_tb/dut/exp_inst[2]/exp_from_uv_inst File: ../../../../Activation_accelerator.srcs/sources_1/new/exp.v Line: 75
# ** Warning: (vsim-3015) [PCDPC] - Port size (16) does not match connection size (128) for port 'M_AXIS_TDATA'. The port definition is at: ../../../../Activation_accelerator.srcs/sources_1/new/exp_from_uv.v(30).
#    Time: 0 ps  Iteration: 0  Instance: /block_tb/dut/exp_inst[3]/exp_from_uv_inst File: ../../../../Activation_accelerator.srcs/sources_1/new/exp.v Line: 75
# ** Warning: (vsim-3015) [PCDPC] - Port size (16) does not match connection size (128) for port 'M_AXIS_TDATA'. The port definition is at: ../../../../Activation_accelerator.srcs/sources_1/new/exp_from_uv.v(30).
#    Time: 0 ps  Iteration: 0  Instance: /block_tb/dut/exp_inst[4]/exp_from_uv_inst File: ../../../../Activation_accelerator.srcs/sources_1/new/exp.v Line: 75
# ** Warning: (vsim-3015) [PCDPC] - Port size (16) does not match connection size (128) for port 'M_AXIS_TDATA'. The port definition is at: ../../../../Activation_accelerator.srcs/sources_1/new/exp_from_uv.v(30).
#    Time: 0 ps  Iteration: 0  Instance: /block_tb/dut/exp_inst[5]/exp_from_uv_inst File: ../../../../Activation_accelerator.srcs/sources_1/new/exp.v Line: 75
# ** Warning: (vsim-3015) [PCDPC] - Port size (16) does not match connection size (128) for port 'M_AXIS_TDATA'. The port definition is at: ../../../../Activation_accelerator.srcs/sources_1/new/exp_from_uv.v(30).
#    Time: 0 ps  Iteration: 0  Instance: /block_tb/dut/exp_inst[6]/exp_from_uv_inst File: ../../../../Activation_accelerator.srcs/sources_1/new/exp.v Line: 75
# ** Warning: (vsim-3015) [PCDPC] - Port size (16) does not match connection size (128) for port 'M_AXIS_TDATA'. The port definition is at: ../../../../Activation_accelerator.srcs/sources_1/new/exp_from_uv.v(30).
#    Time: 0 ps  Iteration: 0  Instance: /block_tb/dut/exp_inst[7]/exp_from_uv_inst File: ../../../../Activation_accelerator.srcs/sources_1/new/exp.v Line: 75
# 1
# 1
# .main_pane.wave.interior.cs.body.pw.wf
# .main_pane.structure.interior.cs.body.struct
# .main_pane.objects.interior.cs.body.tree
# Output data: 
#   Data[0] = 3XxX
#   Data[1] = zzzz
#   Data[2] = zzzz
#   Data[3] = zzzz
#   Data[4] = zzzz
#   Data[5] = zzzz
#   Data[6] = zzzz
#   Data[7] = zzzz
# Output data: 
#   Data[0] = 3XxX
#   Data[1] = zzzz
#   Data[2] = zzzz
#   Data[3] = zzzz
#   Data[4] = zzzz
#   Data[5] = zzzz
#   Data[6] = zzzz
#   Data[7] = zzzz
# Output data: 
#   Data[0] = 3XxX
#   Data[1] = zzzz
#   Data[2] = zzzz
#   Data[3] = zzzz
#   Data[4] = zzzz
#   Data[5] = zzzz
#   Data[6] = zzzz
#   Data[7] = zzzz
# Output data: 
#   Data[0] = 3XxX
#   Data[1] = zzzz
#   Data[2] = zzzz
#   Data[3] = zzzz
#   Data[4] = zzzz
#   Data[5] = zzzz
#   Data[6] = zzzz
#   Data[7] = zzzz
# Output data: 
#   Data[0] = 3XxX
#   Data[1] = zzzz
#   Data[2] = zzzz
#   Data[3] = zzzz
#   Data[4] = zzzz
#   Data[5] = zzzz
#   Data[6] = zzzz
#   Data[7] = zzzz
# Output data: 
#   Data[0] = 3XxX
#   Data[1] = zzzz
#   Data[2] = zzzz
#   Data[3] = zzzz
#   Data[4] = zzzz
#   Data[5] = zzzz
#   Data[6] = zzzz
#   Data[7] = zzzz
# Output data: 
#   Data[0] = 3XxX
#   Data[1] = zzzz
#   Data[2] = zzzz
#   Data[3] = zzzz
#   Data[4] = zzzz
#   Data[5] = zzzz
#   Data[6] = zzzz
#   Data[7] = zzzz
# Output data: 
#   Data[0] = 3XxX
#   Data[1] = zzzz
#   Data[2] = zzzz
#   Data[3] = zzzz
#   Data[4] = zzzz
#   Data[5] = zzzz
#   Data[6] = zzzz
#   Data[7] = zzzz
do block_tb_compile.do
# ** Warning: (vlib-34) Library already exists at "modelsim_lib/work".
# ** Warning: (vlib-34) Library already exists at "modelsim_lib/msim".
# ** Warning: (vlib-34) Library already exists at "modelsim_lib/msim/xil_defaultlib".
# Model Technology ModelSim - Intel FPGA Edition vmap 2020.1 Lib Mapping Utility 2020.02 Feb 28 2020
# vmap xil_defaultlib modelsim_lib/msim/xil_defaultlib 
# Modifying modelsim.ini
# Model Technology ModelSim - Intel FPGA Edition vlog 2020.1 Compiler 2020.02 Feb 28 2020
# Start time: 20:51:31 on Oct 09,2025
# vlog -incr -mfcu -work xil_defaultlib ../../../../Activation_accelerator.srcs/sources_1/new/exp.v ../../../../Activation_accelerator.srcs/sources_1/new/exp_from_uv.v ../../../../Activation_accelerator.srcs/sources_1/new/get_u_v.v ../../../../Activation_accelerator.srcs/sources_1/new/multiple_log2e.v ../../../../Activation_accelerator.srcs/sim_1/new/block_tb.v 
# -- Compiling module exp
# -- Skipping module exp_from_uv
# -- Skipping module get_u_v
# -- Skipping module multiple_log2e
# -- Skipping module block_tb
# 
# Top level modules:
# 	block_tb
# End time: 20:51:31 on Oct 09,2025, Elapsed time: 0:00:00
# Errors: 0, Warnings: 0
# Model Technology ModelSim - Intel FPGA Edition vlog 2020.1 Compiler 2020.02 Feb 28 2020
# Start time: 20:51:31 on Oct 09,2025
# vlog -work xil_defaultlib glbl.v 
# -- Compiling module glbl
# 
# Top level modules:
# 	glbl
# End time: 20:51:31 on Oct 09,2025, Elapsed time: 0:00:00
# Errors: 0, Warnings: 0
restart 
# ** Note: (vsim-12125) Error and warning message counts have been reset to '0' because of 'restart'.
# Loading xil_defaultlib.exp
# Loading xil_defaultlib.glbl
run 1us
# Output data: 
#   Data[0] = 3ac0
#   Data[1] = 3b40
#   Data[2] = 3bb0
#   Data[3] = 3c2c
#   Data[4] = 3ca4
#   Data[5] = 3d1c
#   Data[6] = 3d94
#   Data[7] = 3e0e
# Output data: 
#   Data[0] = 3b40
#   Data[1] = 3bb0
#   Data[2] = 3c2c
#   Data[3] = 3ca4
#   Data[4] = 3d1c
#   Data[5] = 3d94
#   Data[6] = 3e0e
#   Data[7] = 3e86
# Output data: 
#   Data[0] = 3bb0
#   Data[1] = 3c2c
#   Data[2] = 3ca4
#   Data[3] = 3d1c
#   Data[4] = 3d94
#   Data[5] = 3e0e
#   Data[6] = 3e86
#   Data[7] = 3efe
# Output data: 
#   Data[0] = 3c2c
#   Data[1] = 3ca4
#   Data[2] = 3d1c
#   Data[3] = 3d94
#   Data[4] = 3e0e
#   Data[5] = 3e86
#   Data[6] = 3efe
#   Data[7] = 3f70
# Output data: 
#   Data[0] = 3ca4
#   Data[1] = 3d1c
#   Data[2] = 3d94
#   Data[3] = 3e0e
#   Data[4] = 3e86
#   Data[5] = 3efe
#   Data[6] = 3f70
#   Data[7] = 3f70
# Output data: 
#   Data[0] = 3d1c
#   Data[1] = 3d94
#   Data[2] = 3e0e
#   Data[3] = 3e86
#   Data[4] = 3efe
#   Data[5] = 3f70
#   Data[6] = 3f70
#   Data[7] = 3f70
# Output data: 
#   Data[0] = 3d94
#   Data[1] = 3e0e
#   Data[2] = 3e86
#   Data[3] = 3efe
#   Data[4] = 3f70
#   Data[5] = 3f70
#   Data[6] = 3f70
#   Data[7] = 3f70
# Output data: 
#   Data[0] = 3e0e
#   Data[1] = 3e86
#   Data[2] = 3efe
#   Data[3] = 3f70
#   Data[4] = 3f70
#   Data[5] = 3f70
#   Data[6] = 3f70
#   Data[7] = 3f70
do block_tb_compile.do
# ** Warning: (vlib-34) Library already exists at "modelsim_lib/work".
# ** Warning: (vlib-34) Library already exists at "modelsim_lib/msim".
# ** Warning: (vlib-34) Library already exists at "modelsim_lib/msim/xil_defaultlib".
# Model Technology ModelSim - Intel FPGA Edition vmap 2020.1 Lib Mapping Utility 2020.02 Feb 28 2020
# vmap xil_defaultlib modelsim_lib/msim/xil_defaultlib 
# Modifying modelsim.ini
# Model Technology ModelSim - Intel FPGA Edition vlog 2020.1 Compiler 2020.02 Feb 28 2020
# Start time: 20:57:13 on Oct 09,2025
# vlog -incr -mfcu -work xil_defaultlib ../../../../Activation_accelerator.srcs/sources_1/new/exp.v ../../../../Activation_accelerator.srcs/sources_1/new/exp_from_uv.v ../../../../Activation_accelerator.srcs/sources_1/new/get_u_v.v ../../../../Activation_accelerator.srcs/sources_1/new/multiple_log2e.v ../../../../Activation_accelerator.srcs/sim_1/new/block_tb.v 
# -- Skipping module exp
# -- Skipping module exp_from_uv
# -- Skipping module get_u_v
# -- Skipping module multiple_log2e
# -- Compiling module block_tb
# 
# Top level modules:
# 	block_tb
# End time: 20:57:13 on Oct 09,2025, Elapsed time: 0:00:00
# Errors: 0, Warnings: 0
# Model Technology ModelSim - Intel FPGA Edition vlog 2020.1 Compiler 2020.02 Feb 28 2020
# Start time: 20:57:13 on Oct 09,2025
# vlog -work xil_defaultlib glbl.v 
# -- Compiling module glbl
# 
# Top level modules:
# 	glbl
# End time: 20:57:13 on Oct 09,2025, Elapsed time: 0:00:00
# Errors: 0, Warnings: 0
restart 
# Loading xil_defaultlib.block_tb
# Loading xil_defaultlib.glbl
run 1us
# Time: 100000, Input values:
#   Input[0]: -10.000000 (BF16: c120)
#   Input[1]: -9.000000 (BF16: c110)
#   Input[2]: -8.000000 (BF16: c100)
#   Input[3]: -7.000000 (BF16: c0e0)
#   Input[4]: -6.000000 (BF16: c0c0)
#   Input[5]: -5.000000 (BF16: c0a0)
#   Input[6]: -4.000000 (BF16: c080)
#   Input[7]: -3.000000 (BF16: c040)
# Time: 145000, Output values:
#   Output[0]: 0.001465 (BF16: 3ac0)
#   Output[1]: 0.002930 (BF16: 3b40)
#   Output[2]: 0.005371 (BF16: 3bb0)
#   Output[3]: 0.010498 (BF16: 3c2c)
#   Output[4]: 0.020020 (BF16: 3ca4)
#   Output[5]: 0.038086 (BF16: 3d1c)
#   Output[6]: 0.072266 (BF16: 3d94)
#   Output[7]: 0.138672 (BF16: 3e0e)
# Time: 215000, Input values:
#   Input[0]: -9.000000 (BF16: c110)
#   Input[1]: -8.000000 (BF16: c100)
#   Input[2]: -7.000000 (BF16: c0e0)
#   Input[3]: -6.000000 (BF16: c0c0)
#   Input[4]: -5.000000 (BF16: c0a0)
#   Input[5]: -4.000000 (BF16: c080)
#   Input[6]: -3.000000 (BF16: c040)
#   Input[7]: -2.000000 (BF16: c000)
# Time: 255000, Output values:
#   Output[0]: 0.002930 (BF16: 3b40)
#   Output[1]: 0.005371 (BF16: 3bb0)
#   Output[2]: 0.010498 (BF16: 3c2c)
#   Output[3]: 0.020020 (BF16: 3ca4)
#   Output[4]: 0.038086 (BF16: 3d1c)
#   Output[5]: 0.072266 (BF16: 3d94)
#   Output[6]: 0.138672 (BF16: 3e0e)
#   Output[7]: 0.261719 (BF16: 3e86)
# Time: 325000, Input values:
#   Input[0]: -8.000000 (BF16: c100)
#   Input[1]: -7.000000 (BF16: c0e0)
#   Input[2]: -6.000000 (BF16: c0c0)
#   Input[3]: -5.000000 (BF16: c0a0)
#   Input[4]: -4.000000 (BF16: c080)
#   Input[5]: -3.000000 (BF16: c040)
#   Input[6]: -2.000000 (BF16: c000)
#   Input[7]: -1.000000 (BF16: bf80)
# Time: 365000, Output values:
#   Output[0]: 0.005371 (BF16: 3bb0)
#   Output[1]: 0.010498 (BF16: 3c2c)
#   Output[2]: 0.020020 (BF16: 3ca4)
#   Output[3]: 0.038086 (BF16: 3d1c)
#   Output[4]: 0.072266 (BF16: 3d94)
#   Output[5]: 0.138672 (BF16: 3e0e)
#   Output[6]: 0.261719 (BF16: 3e86)
#   Output[7]: 0.496094 (BF16: 3efe)
# Time: 435000, Input values:
#   Input[0]: -7.000000 (BF16: c0e0)
#   Input[1]: -6.000000 (BF16: c0c0)
#   Input[2]: -5.000000 (BF16: c0a0)
#   Input[3]: -4.000000 (BF16: c080)
#   Input[4]: -3.000000 (BF16: c040)
#   Input[5]: -2.000000 (BF16: c000)
#   Input[6]: -1.000000 (BF16: bf80)
#   Input[7]: 0.000000 (BF16: 0000)
# Time: 475000, Output values:
#   Output[0]: 0.010498 (BF16: 3c2c)
#   Output[1]: 0.020020 (BF16: 3ca4)
#   Output[2]: 0.038086 (BF16: 3d1c)
#   Output[3]: 0.072266 (BF16: 3d94)
#   Output[4]: 0.138672 (BF16: 3e0e)
#   Output[5]: 0.261719 (BF16: 3e86)
#   Output[6]: 0.496094 (BF16: 3efe)
#   Output[7]: 0.937500 (BF16: 3f70)
# Time: 545000, Input values:
#   Input[0]: -6.000000 (BF16: c0c0)
#   Input[1]: -5.000000 (BF16: c0a0)
#   Input[2]: -4.000000 (BF16: c080)
#   Input[3]: -3.000000 (BF16: c040)
#   Input[4]: -2.000000 (BF16: c000)
#   Input[5]: -1.000000 (BF16: bf80)
#   Input[6]: 0.000000 (BF16: 0000)
#   Input[7]: 0.000000 (BF16: 0000)
# Time: 585000, Output values:
#   Output[0]: 0.020020 (BF16: 3ca4)
#   Output[1]: 0.038086 (BF16: 3d1c)
#   Output[2]: 0.072266 (BF16: 3d94)
#   Output[3]: 0.138672 (BF16: 3e0e)
#   Output[4]: 0.261719 (BF16: 3e86)
#   Output[5]: 0.496094 (BF16: 3efe)
#   Output[6]: 0.937500 (BF16: 3f70)
#   Output[7]: 0.937500 (BF16: 3f70)
# Time: 655000, Input values:
#   Input[0]: -5.000000 (BF16: c0a0)
#   Input[1]: -4.000000 (BF16: c080)
#   Input[2]: -3.000000 (BF16: c040)
#   Input[3]: -2.000000 (BF16: c000)
#   Input[4]: -1.000000 (BF16: bf80)
#   Input[5]: 0.000000 (BF16: 0000)
#   Input[6]: 0.000000 (BF16: 0000)
#   Input[7]: 0.000000 (BF16: 0000)
# Time: 695000, Output values:
#   Output[0]: 0.038086 (BF16: 3d1c)
#   Output[1]: 0.072266 (BF16: 3d94)
#   Output[2]: 0.138672 (BF16: 3e0e)
#   Output[3]: 0.261719 (BF16: 3e86)
#   Output[4]: 0.496094 (BF16: 3efe)
#   Output[5]: 0.937500 (BF16: 3f70)
#   Output[6]: 0.937500 (BF16: 3f70)
#   Output[7]: 0.937500 (BF16: 3f70)
# Time: 765000, Input values:
#   Input[0]: -4.000000 (BF16: c080)
#   Input[1]: -3.000000 (BF16: c040)
#   Input[2]: -2.000000 (BF16: c000)
#   Input[3]: -1.000000 (BF16: bf80)
#   Input[4]: 0.000000 (BF16: 0000)
#   Input[5]: 0.000000 (BF16: 0000)
#   Input[6]: 0.000000 (BF16: 0000)
#   Input[7]: 0.000000 (BF16: 0000)
# Time: 805000, Output values:
#   Output[0]: 0.072266 (BF16: 3d94)
#   Output[1]: 0.138672 (BF16: 3e0e)
#   Output[2]: 0.261719 (BF16: 3e86)
#   Output[3]: 0.496094 (BF16: 3efe)
#   Output[4]: 0.937500 (BF16: 3f70)
#   Output[5]: 0.937500 (BF16: 3f70)
#   Output[6]: 0.937500 (BF16: 3f70)
#   Output[7]: 0.937500 (BF16: 3f70)
# Time: 875000, Input values:
#   Input[0]: -3.000000 (BF16: c040)
#   Input[1]: -2.000000 (BF16: c000)
#   Input[2]: -1.000000 (BF16: bf80)
#   Input[3]: 0.000000 (BF16: 0000)
#   Input[4]: 0.000000 (BF16: 0000)
#   Input[5]: 0.000000 (BF16: 0000)
#   Input[6]: 0.000000 (BF16: 0000)
#   Input[7]: 0.000000 (BF16: 0000)
# Time: 915000, Output values:
#   Output[0]: 0.138672 (BF16: 3e0e)
#   Output[1]: 0.261719 (BF16: 3e86)
#   Output[2]: 0.496094 (BF16: 3efe)
#   Output[3]: 0.937500 (BF16: 3f70)
#   Output[4]: 0.937500 (BF16: 3f70)
#   Output[5]: 0.937500 (BF16: 3f70)
#   Output[6]: 0.937500 (BF16: 3f70)
#   Output[7]: 0.937500 (BF16: 3f70)
# Time: 985000, Input values:
#   Input[0]: -2.000000 (BF16: c000)
#   Input[1]: -1.000000 (BF16: bf80)
#   Input[2]: 0.000000 (BF16: 0000)
#   Input[3]: 0.000000 (BF16: 0000)
#   Input[4]: 0.000000 (BF16: 0000)
#   Input[5]: 0.000000 (BF16: 0000)
#   Input[6]: 0.000000 (BF16: 0000)
#   Input[7]: 0.000000 (BF16: 0000)
do block_tb_compile.do
# ** Warning: (vlib-34) Library already exists at "modelsim_lib/work".
# ** Warning: (vlib-34) Library already exists at "modelsim_lib/msim".
# ** Warning: (vlib-34) Library already exists at "modelsim_lib/msim/xil_defaultlib".
# Model Technology ModelSim - Intel FPGA Edition vmap 2020.1 Lib Mapping Utility 2020.02 Feb 28 2020
# vmap xil_defaultlib modelsim_lib/msim/xil_defaultlib 
# Modifying modelsim.ini
# Model Technology ModelSim - Intel FPGA Edition vlog 2020.1 Compiler 2020.02 Feb 28 2020
# Start time: 21:01:45 on Oct 09,2025
# vlog -incr -mfcu -work xil_defaultlib ../../../../Activation_accelerator.srcs/sources_1/new/exp.v ../../../../Activation_accelerator.srcs/sources_1/new/exp_from_uv.v ../../../../Activation_accelerator.srcs/sources_1/new/get_u_v.v ../../../../Activation_accelerator.srcs/sources_1/new/multiple_log2e.v ../../../../Activation_accelerator.srcs/sim_1/new/block_tb.v 
# -- Skipping module exp
# -- Skipping module exp_from_uv
# -- Skipping module get_u_v
# -- Compiling module multiple_log2e
# -- Skipping module block_tb
# 
# Top level modules:
# 	block_tb
# End time: 21:01:45 on Oct 09,2025, Elapsed time: 0:00:00
# Errors: 0, Warnings: 0
# Model Technology ModelSim - Intel FPGA Edition vlog 2020.1 Compiler 2020.02 Feb 28 2020
# Start time: 21:01:45 on Oct 09,2025
# vlog -work xil_defaultlib glbl.v 
# -- Compiling module glbl
# 
# Top level modules:
# 	glbl
# End time: 21:01:45 on Oct 09,2025, Elapsed time: 0:00:00
# Errors: 0, Warnings: 0
restart 
# Loading xil_defaultlib.glbl
# Loading xil_defaultlib.multiple_log2e
run 1us
# Time: 100000, Input values:
#   Input[0]: -10.000000 (BF16: c120)
#   Input[1]: -9.000000 (BF16: c110)
#   Input[2]: -8.000000 (BF16: c100)
#   Input[3]: -7.000000 (BF16: c0e0)
#   Input[4]: -6.000000 (BF16: c0c0)
#   Input[5]: -5.000000 (BF16: c0a0)
#   Input[6]: -4.000000 (BF16: c080)
#   Input[7]: -3.000000 (BF16: c040)
# Time: 145000, Output values:
#   Output[0]: 0.000046 (BF16: 3840)
#   Output[1]: 0.000122 (BF16: 3900)
#   Output[2]: 0.000336 (BF16: 39b0)
#   Output[3]: 0.000900 (BF16: 3a6c)
#   Output[4]: 0.002502 (BF16: 3b24)
#   Output[5]: 0.006714 (BF16: 3bdc)
#   Output[6]: 0.018066 (BF16: 3c94)
#   Output[7]: 0.050293 (BF16: 3d4e)
# Time: 215000, Input values:
#   Input[0]: -9.000000 (BF16: c110)
#   Input[1]: -8.000000 (BF16: c100)
#   Input[2]: -7.000000 (BF16: c0e0)
#   Input[3]: -6.000000 (BF16: c0c0)
#   Input[4]: -5.000000 (BF16: c0a0)
#   Input[5]: -4.000000 (BF16: c080)
#   Input[6]: -3.000000 (BF16: c040)
#   Input[7]: -2.000000 (BF16: c000)
# Time: 255000, Output values:
#   Output[0]: 0.000122 (BF16: 3900)
#   Output[1]: 0.000336 (BF16: 39b0)
#   Output[2]: 0.000900 (BF16: 3a6c)
#   Output[3]: 0.002502 (BF16: 3b24)
#   Output[4]: 0.006714 (BF16: 3bdc)
#   Output[5]: 0.018066 (BF16: 3c94)
#   Output[6]: 0.050293 (BF16: 3d4e)
#   Output[7]: 0.130859 (BF16: 3e06)
# Time: 325000, Input values:
#   Input[0]: -8.000000 (BF16: c100)
#   Input[1]: -7.000000 (BF16: c0e0)
#   Input[2]: -6.000000 (BF16: c0c0)
#   Input[3]: -5.000000 (BF16: c0a0)
#   Input[4]: -4.000000 (BF16: c080)
#   Input[5]: -3.000000 (BF16: c040)
#   Input[6]: -2.000000 (BF16: c000)
#   Input[7]: -1.000000 (BF16: bf80)
# Time: 365000, Output values:
#   Output[0]: 0.000336 (BF16: 39b0)
#   Output[1]: 0.000900 (BF16: 3a6c)
#   Output[2]: 0.002502 (BF16: 3b24)
#   Output[3]: 0.006714 (BF16: 3bdc)
#   Output[4]: 0.018066 (BF16: 3c94)
#   Output[5]: 0.050293 (BF16: 3d4e)
#   Output[6]: 0.130859 (BF16: 3e06)
#   Output[7]: 0.373047 (BF16: 3ebf)
# Time: 435000, Input values:
#   Input[0]: -7.000000 (BF16: c0e0)
#   Input[1]: -6.000000 (BF16: c0c0)
#   Input[2]: -5.000000 (BF16: c0a0)
#   Input[3]: -4.000000 (BF16: c080)
#   Input[4]: -3.000000 (BF16: c040)
#   Input[5]: -2.000000 (BF16: c000)
#   Input[6]: -1.000000 (BF16: bf80)
#   Input[7]: 0.000000 (BF16: 0000)
# Time: 475000, Output values:
#   Output[0]: 0.000900 (BF16: 3a6c)
#   Output[1]: 0.002502 (BF16: 3b24)
#   Output[2]: 0.006714 (BF16: 3bdc)
#   Output[3]: 0.018066 (BF16: 3c94)
#   Output[4]: 0.050293 (BF16: 3d4e)
#   Output[5]: 0.130859 (BF16: 3e06)
#   Output[6]: 0.373047 (BF16: 3ebf)
#   Output[7]: 0.937500 (BF16: 3f70)
# Time: 545000, Input values:
#   Input[0]: -6.000000 (BF16: c0c0)
#   Input[1]: -5.000000 (BF16: c0a0)
#   Input[2]: -4.000000 (BF16: c080)
#   Input[3]: -3.000000 (BF16: c040)
#   Input[4]: -2.000000 (BF16: c000)
#   Input[5]: -1.000000 (BF16: bf80)
#   Input[6]: 0.000000 (BF16: 0000)
#   Input[7]: 0.000000 (BF16: 0000)
# Time: 585000, Output values:
#   Output[0]: 0.002502 (BF16: 3b24)
#   Output[1]: 0.006714 (BF16: 3bdc)
#   Output[2]: 0.018066 (BF16: 3c94)
#   Output[3]: 0.050293 (BF16: 3d4e)
#   Output[4]: 0.130859 (BF16: 3e06)
#   Output[5]: 0.373047 (BF16: 3ebf)
#   Output[6]: 0.937500 (BF16: 3f70)
#   Output[7]: 0.937500 (BF16: 3f70)
# Time: 655000, Input values:
#   Input[0]: -5.000000 (BF16: c0a0)
#   Input[1]: -4.000000 (BF16: c080)
#   Input[2]: -3.000000 (BF16: c040)
#   Input[3]: -2.000000 (BF16: c000)
#   Input[4]: -1.000000 (BF16: bf80)
#   Input[5]: 0.000000 (BF16: 0000)
#   Input[6]: 0.000000 (BF16: 0000)
#   Input[7]: 0.000000 (BF16: 0000)
# Time: 695000, Output values:
#   Output[0]: 0.006714 (BF16: 3bdc)
#   Output[1]: 0.018066 (BF16: 3c94)
#   Output[2]: 0.050293 (BF16: 3d4e)
#   Output[3]: 0.130859 (BF16: 3e06)
#   Output[4]: 0.373047 (BF16: 3ebf)
#   Output[5]: 0.937500 (BF16: 3f70)
#   Output[6]: 0.937500 (BF16: 3f70)
#   Output[7]: 0.937500 (BF16: 3f70)
# Time: 765000, Input values:
#   Input[0]: -4.000000 (BF16: c080)
#   Input[1]: -3.000000 (BF16: c040)
#   Input[2]: -2.000000 (BF16: c000)
#   Input[3]: -1.000000 (BF16: bf80)
#   Input[4]: 0.000000 (BF16: 0000)
#   Input[5]: 0.000000 (BF16: 0000)
#   Input[6]: 0.000000 (BF16: 0000)
#   Input[7]: 0.000000 (BF16: 0000)
# Time: 805000, Output values:
#   Output[0]: 0.018066 (BF16: 3c94)
#   Output[1]: 0.050293 (BF16: 3d4e)
#   Output[2]: 0.130859 (BF16: 3e06)
#   Output[3]: 0.373047 (BF16: 3ebf)
#   Output[4]: 0.937500 (BF16: 3f70)
#   Output[5]: 0.937500 (BF16: 3f70)
#   Output[6]: 0.937500 (BF16: 3f70)
#   Output[7]: 0.937500 (BF16: 3f70)
# Time: 875000, Input values:
#   Input[0]: -3.000000 (BF16: c040)
#   Input[1]: -2.000000 (BF16: c000)
#   Input[2]: -1.000000 (BF16: bf80)
#   Input[3]: 0.000000 (BF16: 0000)
#   Input[4]: 0.000000 (BF16: 0000)
#   Input[5]: 0.000000 (BF16: 0000)
#   Input[6]: 0.000000 (BF16: 0000)
#   Input[7]: 0.000000 (BF16: 0000)
# Time: 915000, Output values:
#   Output[0]: 0.050293 (BF16: 3d4e)
#   Output[1]: 0.130859 (BF16: 3e06)
#   Output[2]: 0.373047 (BF16: 3ebf)
#   Output[3]: 0.937500 (BF16: 3f70)
#   Output[4]: 0.937500 (BF16: 3f70)
#   Output[5]: 0.937500 (BF16: 3f70)
#   Output[6]: 0.937500 (BF16: 3f70)
#   Output[7]: 0.937500 (BF16: 3f70)
# Time: 985000, Input values:
#   Input[0]: -2.000000 (BF16: c000)
#   Input[1]: -1.000000 (BF16: bf80)
#   Input[2]: 0.000000 (BF16: 0000)
#   Input[3]: 0.000000 (BF16: 0000)
#   Input[4]: 0.000000 (BF16: 0000)
#   Input[5]: 0.000000 (BF16: 0000)
#   Input[6]: 0.000000 (BF16: 0000)
#   Input[7]: 0.000000 (BF16: 0000)
do block_tb_compile.do
# ** Warning: (vlib-34) Library already exists at "modelsim_lib/work".
# ** Warning: (vlib-34) Library already exists at "modelsim_lib/msim".
# ** Warning: (vlib-34) Library already exists at "modelsim_lib/msim/xil_defaultlib".
# Model Technology ModelSim - Intel FPGA Edition vmap 2020.1 Lib Mapping Utility 2020.02 Feb 28 2020
# vmap xil_defaultlib modelsim_lib/msim/xil_defaultlib 
# Modifying modelsim.ini
# Model Technology ModelSim - Intel FPGA Edition vlog 2020.1 Compiler 2020.02 Feb 28 2020
# Start time: 21:12:00 on Oct 09,2025
# vlog -incr -mfcu -work xil_defaultlib ../../../../Activation_accelerator.srcs/sources_1/new/exp.v ../../../../Activation_accelerator.srcs/sources_1/new/exp_from_uv.v ../../../../Activation_accelerator.srcs/sources_1/new/get_u_v.v ../../../../Activation_accelerator.srcs/sources_1/new/multiple_log2e.v ../../../../Activation_accelerator.srcs/sim_1/new/block_tb.v 
# -- Skipping module exp
# -- Skipping module exp_from_uv
# -- Compiling module get_u_v
# -- Compiling module multiple_log2e
# -- Skipping module block_tb
# 
# Top level modules:
# 	block_tb
# End time: 21:12:00 on Oct 09,2025, Elapsed time: 0:00:00
# Errors: 0, Warnings: 0
# Model Technology ModelSim - Intel FPGA Edition vlog 2020.1 Compiler 2020.02 Feb 28 2020
# Start time: 21:12:00 on Oct 09,2025
# vlog -work xil_defaultlib glbl.v 
# -- Compiling module glbl
# 
# Top level modules:
# 	glbl
# End time: 21:12:00 on Oct 09,2025, Elapsed time: 0:00:00
# Errors: 0, Warnings: 0
run 1us
# Time: 1025000, Output values:
#   Output[0]: 0.130859 (BF16: 3e06)
#   Output[1]: 0.373047 (BF16: 3ebf)
#   Output[2]: 0.937500 (BF16: 3f70)
#   Output[3]: 0.937500 (BF16: 3f70)
#   Output[4]: 0.937500 (BF16: 3f70)
#   Output[5]: 0.937500 (BF16: 3f70)
#   Output[6]: 0.937500 (BF16: 3f70)
#   Output[7]: 0.937500 (BF16: 3f70)
# Time: 1095000, Input values:
#   Input[0]: -1.000000 (BF16: bf80)
#   Input[1]: 0.000000 (BF16: 0000)
#   Input[2]: 0.000000 (BF16: 0000)
#   Input[3]: 0.000000 (BF16: 0000)
#   Input[4]: 0.000000 (BF16: 0000)
#   Input[5]: 0.000000 (BF16: 0000)
#   Input[6]: 0.000000 (BF16: 0000)
#   Input[7]: 0.000000 (BF16: 0000)
# Time: 1135000, Output values:
#   Output[0]: 0.373047 (BF16: 3ebf)
#   Output[1]: 0.937500 (BF16: 3f70)
#   Output[2]: 0.937500 (BF16: 3f70)
#   Output[3]: 0.937500 (BF16: 3f70)
#   Output[4]: 0.937500 (BF16: 3f70)
#   Output[5]: 0.937500 (BF16: 3f70)
#   Output[6]: 0.937500 (BF16: 3f70)
#   Output[7]: 0.937500 (BF16: 3f70)
restart 
# Loading xil_defaultlib.glbl
# Loading xil_defaultlib.multiple_log2e
# Loading xil_defaultlib.get_u_v
run 1us
# Time: 100000, Input values:
#   Input[0]: -10.000000 (BF16: c120)
#   Input[1]: -9.000000 (BF16: c110)
#   Input[2]: -8.000000 (BF16: c100)
#   Input[3]: -7.000000 (BF16: c0e0)
#   Input[4]: -6.000000 (BF16: c0c0)
#   Input[5]: -5.000000 (BF16: c0a0)
#   Input[6]: -4.000000 (BF16: c080)
#   Input[7]: -3.000000 (BF16: c040)
# Time: 145000, Output values:
#   Output[0]: 0.000000 (BF16: 00b8)
#   Output[1]: 0.000000 (BF16: 00b8)
#   Output[2]: 0.000000 (BF16: 00b8)
#   Output[3]: 0.000000 (BF16: 00b8)
#   Output[4]: 0.000000 (BF16: 00b8)
#   Output[5]: 0.000000 (BF16: 00b8)
#   Output[6]: 0.000000 (BF16: 00b8)
#   Output[7]: 0.000000 (BF16: 00b8)
# Time: 215000, Input values:
#   Input[0]: -9.000000 (BF16: c110)
#   Input[1]: -8.000000 (BF16: c100)
#   Input[2]: -7.000000 (BF16: c0e0)
#   Input[3]: -6.000000 (BF16: c0c0)
#   Input[4]: -5.000000 (BF16: c0a0)
#   Input[5]: -4.000000 (BF16: c080)
#   Input[6]: -3.000000 (BF16: c040)
#   Input[7]: -2.000000 (BF16: c000)
# Time: 255000, Output values:
#   Output[0]: 0.000000 (BF16: 00b8)
#   Output[1]: 0.000000 (BF16: 00b8)
#   Output[2]: 0.000000 (BF16: 00b8)
#   Output[3]: 0.000000 (BF16: 00b8)
#   Output[4]: 0.000000 (BF16: 00b8)
#   Output[5]: 0.000000 (BF16: 00b8)
#   Output[6]: 0.000000 (BF16: 00b8)
#   Output[7]: 0.000000 (BF16: 00b8)
# Time: 325000, Input values:
#   Input[0]: -8.000000 (BF16: c100)
#   Input[1]: -7.000000 (BF16: c0e0)
#   Input[2]: -6.000000 (BF16: c0c0)
#   Input[3]: -5.000000 (BF16: c0a0)
#   Input[4]: -4.000000 (BF16: c080)
#   Input[5]: -3.000000 (BF16: c040)
#   Input[6]: -2.000000 (BF16: c000)
#   Input[7]: -1.000000 (BF16: bf80)
# Time: 365000, Output values:
#   Output[0]: 0.000000 (BF16: 00b8)
#   Output[1]: 0.000000 (BF16: 00b8)
#   Output[2]: 0.000000 (BF16: 00b8)
#   Output[3]: 0.000000 (BF16: 00b8)
#   Output[4]: 0.000000 (BF16: 00b8)
#   Output[5]: 0.000000 (BF16: 00b8)
#   Output[6]: 0.000000 (BF16: 00b8)
#   Output[7]: 0.000000 (BF16: 00b8)
# Time: 435000, Input values:
#   Input[0]: -7.000000 (BF16: c0e0)
#   Input[1]: -6.000000 (BF16: c0c0)
#   Input[2]: -5.000000 (BF16: c0a0)
#   Input[3]: -4.000000 (BF16: c080)
#   Input[4]: -3.000000 (BF16: c040)
#   Input[5]: -2.000000 (BF16: c000)
#   Input[6]: -1.000000 (BF16: bf80)
#   Input[7]: 0.000000 (BF16: 0000)
# Time: 475000, Output values:
#   Output[0]: 0.000000 (BF16: 00b8)
#   Output[1]: 0.000000 (BF16: 00b8)
#   Output[2]: 0.000000 (BF16: 00b8)
#   Output[3]: 0.000000 (BF16: 00b8)
#   Output[4]: 0.000000 (BF16: 00b8)
#   Output[5]: 0.000000 (BF16: 00b8)
#   Output[6]: 0.000000 (BF16: 00b8)
#   Output[7]: 0.937500 (BF16: 3f70)
# Time: 545000, Input values:
#   Input[0]: -6.000000 (BF16: c0c0)
#   Input[1]: -5.000000 (BF16: c0a0)
#   Input[2]: -4.000000 (BF16: c080)
#   Input[3]: -3.000000 (BF16: c040)
#   Input[4]: -2.000000 (BF16: c000)
#   Input[5]: -1.000000 (BF16: bf80)
#   Input[6]: 0.000000 (BF16: 0000)
#   Input[7]: 0.000000 (BF16: 0000)
# Time: 585000, Output values:
#   Output[0]: 0.000000 (BF16: 00b8)
#   Output[1]: 0.000000 (BF16: 00b8)
#   Output[2]: 0.000000 (BF16: 00b8)
#   Output[3]: 0.000000 (BF16: 00b8)
#   Output[4]: 0.000000 (BF16: 00b8)
#   Output[5]: 0.000000 (BF16: 00b8)
#   Output[6]: 0.937500 (BF16: 3f70)
#   Output[7]: 0.937500 (BF16: 3f70)
# Time: 655000, Input values:
#   Input[0]: -5.000000 (BF16: c0a0)
#   Input[1]: -4.000000 (BF16: c080)
#   Input[2]: -3.000000 (BF16: c040)
#   Input[3]: -2.000000 (BF16: c000)
#   Input[4]: -1.000000 (BF16: bf80)
#   Input[5]: 0.000000 (BF16: 0000)
#   Input[6]: 0.000000 (BF16: 0000)
#   Input[7]: 0.000000 (BF16: 0000)
# Time: 695000, Output values:
#   Output[0]: 0.000000 (BF16: 00b8)
#   Output[1]: 0.000000 (BF16: 00b8)
#   Output[2]: 0.000000 (BF16: 00b8)
#   Output[3]: 0.000000 (BF16: 00b8)
#   Output[4]: 0.000000 (BF16: 00b8)
#   Output[5]: 0.937500 (BF16: 3f70)
#   Output[6]: 0.937500 (BF16: 3f70)
#   Output[7]: 0.937500 (BF16: 3f70)
# Time: 765000, Input values:
#   Input[0]: -4.000000 (BF16: c080)
#   Input[1]: -3.000000 (BF16: c040)
#   Input[2]: -2.000000 (BF16: c000)
#   Input[3]: -1.000000 (BF16: bf80)
#   Input[4]: 0.000000 (BF16: 0000)
#   Input[5]: 0.000000 (BF16: 0000)
#   Input[6]: 0.000000 (BF16: 0000)
#   Input[7]: 0.000000 (BF16: 0000)
# Time: 805000, Output values:
#   Output[0]: 0.000000 (BF16: 00b8)
#   Output[1]: 0.000000 (BF16: 00b8)
#   Output[2]: 0.000000 (BF16: 00b8)
#   Output[3]: 0.000000 (BF16: 00b8)
#   Output[4]: 0.937500 (BF16: 3f70)
#   Output[5]: 0.937500 (BF16: 3f70)
#   Output[6]: 0.937500 (BF16: 3f70)
#   Output[7]: 0.937500 (BF16: 3f70)
# Time: 875000, Input values:
#   Input[0]: -3.000000 (BF16: c040)
#   Input[1]: -2.000000 (BF16: c000)
#   Input[2]: -1.000000 (BF16: bf80)
#   Input[3]: 0.000000 (BF16: 0000)
#   Input[4]: 0.000000 (BF16: 0000)
#   Input[5]: 0.000000 (BF16: 0000)
#   Input[6]: 0.000000 (BF16: 0000)
#   Input[7]: 0.000000 (BF16: 0000)
# Time: 915000, Output values:
#   Output[0]: 0.000000 (BF16: 00b8)
#   Output[1]: 0.000000 (BF16: 00b8)
#   Output[2]: 0.000000 (BF16: 00b8)
#   Output[3]: 0.937500 (BF16: 3f70)
#   Output[4]: 0.937500 (BF16: 3f70)
#   Output[5]: 0.937500 (BF16: 3f70)
#   Output[6]: 0.937500 (BF16: 3f70)
#   Output[7]: 0.937500 (BF16: 3f70)
# Time: 985000, Input values:
#   Input[0]: -2.000000 (BF16: c000)
#   Input[1]: -1.000000 (BF16: bf80)
#   Input[2]: 0.000000 (BF16: 0000)
#   Input[3]: 0.000000 (BF16: 0000)
#   Input[4]: 0.000000 (BF16: 0000)
#   Input[5]: 0.000000 (BF16: 0000)
#   Input[6]: 0.000000 (BF16: 0000)
#   Input[7]: 0.000000 (BF16: 0000)
do block_tb_compile.do
# ** Warning: (vlib-34) Library already exists at "modelsim_lib/work".
# ** Warning: (vlib-34) Library already exists at "modelsim_lib/msim".
# ** Warning: (vlib-34) Library already exists at "modelsim_lib/msim/xil_defaultlib".
# Model Technology ModelSim - Intel FPGA Edition vmap 2020.1 Lib Mapping Utility 2020.02 Feb 28 2020
# vmap xil_defaultlib modelsim_lib/msim/xil_defaultlib 
# Modifying modelsim.ini
# Model Technology ModelSim - Intel FPGA Edition vlog 2020.1 Compiler 2020.02 Feb 28 2020
# Start time: 21:14:04 on Oct 09,2025
# vlog -incr -mfcu -work xil_defaultlib ../../../../Activation_accelerator.srcs/sources_1/new/exp.v ../../../../Activation_accelerator.srcs/sources_1/new/exp_from_uv.v ../../../../Activation_accelerator.srcs/sources_1/new/get_u_v.v ../../../../Activation_accelerator.srcs/sources_1/new/multiple_log2e.v ../../../../Activation_accelerator.srcs/sim_1/new/block_tb.v 
# -- Skipping module exp
# -- Skipping module exp_from_uv
# -- Compiling module get_u_v
# -- Skipping module multiple_log2e
# -- Skipping module block_tb
# 
# Top level modules:
# 	block_tb
# End time: 21:14:04 on Oct 09,2025, Elapsed time: 0:00:00
# Errors: 0, Warnings: 0
# Model Technology ModelSim - Intel FPGA Edition vlog 2020.1 Compiler 2020.02 Feb 28 2020
# Start time: 21:14:04 on Oct 09,2025
# vlog -work xil_defaultlib glbl.v 
# -- Compiling module glbl
# 
# Top level modules:
# 	glbl
# End time: 21:14:04 on Oct 09,2025, Elapsed time: 0:00:00
# Errors: 0, Warnings: 0
restart 
# Loading xil_defaultlib.glbl
# Loading xil_defaultlib.get_u_v
run 1us
# Time: 100000, Input values:
#   Input[0]: -10.000000 (BF16: c120)
#   Input[1]: -9.000000 (BF16: c110)
#   Input[2]: -8.000000 (BF16: c100)
#   Input[3]: -7.000000 (BF16: c0e0)
#   Input[4]: -6.000000 (BF16: c0c0)
#   Input[5]: -5.000000 (BF16: c0a0)
#   Input[6]: -4.000000 (BF16: c080)
#   Input[7]: -3.000000 (BF16: c040)
# Time: 145000, Output values:
#   Output[0]: 0.000046 (BF16: 3840)
#   Output[1]: 0.000122 (BF16: 3900)
#   Output[2]: 0.000336 (BF16: 39b0)
#   Output[3]: 0.000900 (BF16: 3a6c)
#   Output[4]: 0.002502 (BF16: 3b24)
#   Output[5]: 0.006714 (BF16: 3bdc)
#   Output[6]: 0.018066 (BF16: 3c94)
#   Output[7]: 0.050293 (BF16: 3d4e)
# Time: 215000, Input values:
#   Input[0]: -9.000000 (BF16: c110)
#   Input[1]: -8.000000 (BF16: c100)
#   Input[2]: -7.000000 (BF16: c0e0)
#   Input[3]: -6.000000 (BF16: c0c0)
#   Input[4]: -5.000000 (BF16: c0a0)
#   Input[5]: -4.000000 (BF16: c080)
#   Input[6]: -3.000000 (BF16: c040)
#   Input[7]: -2.000000 (BF16: c000)
# Time: 255000, Output values:
#   Output[0]: 0.000122 (BF16: 3900)
#   Output[1]: 0.000336 (BF16: 39b0)
#   Output[2]: 0.000900 (BF16: 3a6c)
#   Output[3]: 0.002502 (BF16: 3b24)
#   Output[4]: 0.006714 (BF16: 3bdc)
#   Output[5]: 0.018066 (BF16: 3c94)
#   Output[6]: 0.050293 (BF16: 3d4e)
#   Output[7]: 0.130859 (BF16: 3e06)
# Time: 325000, Input values:
#   Input[0]: -8.000000 (BF16: c100)
#   Input[1]: -7.000000 (BF16: c0e0)
#   Input[2]: -6.000000 (BF16: c0c0)
#   Input[3]: -5.000000 (BF16: c0a0)
#   Input[4]: -4.000000 (BF16: c080)
#   Input[5]: -3.000000 (BF16: c040)
#   Input[6]: -2.000000 (BF16: c000)
#   Input[7]: -1.000000 (BF16: bf80)
# Time: 365000, Output values:
#   Output[0]: 0.000336 (BF16: 39b0)
#   Output[1]: 0.000900 (BF16: 3a6c)
#   Output[2]: 0.002502 (BF16: 3b24)
#   Output[3]: 0.006714 (BF16: 3bdc)
#   Output[4]: 0.018066 (BF16: 3c94)
#   Output[5]: 0.050293 (BF16: 3d4e)
#   Output[6]: 0.130859 (BF16: 3e06)
#   Output[7]: 0.373047 (BF16: 3ebf)
# Time: 435000, Input values:
#   Input[0]: -7.000000 (BF16: c0e0)
#   Input[1]: -6.000000 (BF16: c0c0)
#   Input[2]: -5.000000 (BF16: c0a0)
#   Input[3]: -4.000000 (BF16: c080)
#   Input[4]: -3.000000 (BF16: c040)
#   Input[5]: -2.000000 (BF16: c000)
#   Input[6]: -1.000000 (BF16: bf80)
#   Input[7]: 0.000000 (BF16: 0000)
# Time: 475000, Output values:
#   Output[0]: 0.000900 (BF16: 3a6c)
#   Output[1]: 0.002502 (BF16: 3b24)
#   Output[2]: 0.006714 (BF16: 3bdc)
#   Output[3]: 0.018066 (BF16: 3c94)
#   Output[4]: 0.050293 (BF16: 3d4e)
#   Output[5]: 0.130859 (BF16: 3e06)
#   Output[6]: 0.373047 (BF16: 3ebf)
#   Output[7]: 0.937500 (BF16: 3f70)
# Time: 545000, Input values:
#   Input[0]: -6.000000 (BF16: c0c0)
#   Input[1]: -5.000000 (BF16: c0a0)
#   Input[2]: -4.000000 (BF16: c080)
#   Input[3]: -3.000000 (BF16: c040)
#   Input[4]: -2.000000 (BF16: c000)
#   Input[5]: -1.000000 (BF16: bf80)
#   Input[6]: 0.000000 (BF16: 0000)
#   Input[7]: 0.000000 (BF16: 0000)
# Time: 585000, Output values:
#   Output[0]: 0.002502 (BF16: 3b24)
#   Output[1]: 0.006714 (BF16: 3bdc)
#   Output[2]: 0.018066 (BF16: 3c94)
#   Output[3]: 0.050293 (BF16: 3d4e)
#   Output[4]: 0.130859 (BF16: 3e06)
#   Output[5]: 0.373047 (BF16: 3ebf)
#   Output[6]: 0.937500 (BF16: 3f70)
#   Output[7]: 0.937500 (BF16: 3f70)
# Time: 655000, Input values:
#   Input[0]: -5.000000 (BF16: c0a0)
#   Input[1]: -4.000000 (BF16: c080)
#   Input[2]: -3.000000 (BF16: c040)
#   Input[3]: -2.000000 (BF16: c000)
#   Input[4]: -1.000000 (BF16: bf80)
#   Input[5]: 0.000000 (BF16: 0000)
#   Input[6]: 0.000000 (BF16: 0000)
#   Input[7]: 0.000000 (BF16: 0000)
# Time: 695000, Output values:
#   Output[0]: 0.006714 (BF16: 3bdc)
#   Output[1]: 0.018066 (BF16: 3c94)
#   Output[2]: 0.050293 (BF16: 3d4e)
#   Output[3]: 0.130859 (BF16: 3e06)
#   Output[4]: 0.373047 (BF16: 3ebf)
#   Output[5]: 0.937500 (BF16: 3f70)
#   Output[6]: 0.937500 (BF16: 3f70)
#   Output[7]: 0.937500 (BF16: 3f70)
# Time: 765000, Input values:
#   Input[0]: -4.000000 (BF16: c080)
#   Input[1]: -3.000000 (BF16: c040)
#   Input[2]: -2.000000 (BF16: c000)
#   Input[3]: -1.000000 (BF16: bf80)
#   Input[4]: 0.000000 (BF16: 0000)
#   Input[5]: 0.000000 (BF16: 0000)
#   Input[6]: 0.000000 (BF16: 0000)
#   Input[7]: 0.000000 (BF16: 0000)
# Time: 805000, Output values:
#   Output[0]: 0.018066 (BF16: 3c94)
#   Output[1]: 0.050293 (BF16: 3d4e)
#   Output[2]: 0.130859 (BF16: 3e06)
#   Output[3]: 0.373047 (BF16: 3ebf)
#   Output[4]: 0.937500 (BF16: 3f70)
#   Output[5]: 0.937500 (BF16: 3f70)
#   Output[6]: 0.937500 (BF16: 3f70)
#   Output[7]: 0.937500 (BF16: 3f70)
# Time: 875000, Input values:
#   Input[0]: -3.000000 (BF16: c040)
#   Input[1]: -2.000000 (BF16: c000)
#   Input[2]: -1.000000 (BF16: bf80)
#   Input[3]: 0.000000 (BF16: 0000)
#   Input[4]: 0.000000 (BF16: 0000)
#   Input[5]: 0.000000 (BF16: 0000)
#   Input[6]: 0.000000 (BF16: 0000)
#   Input[7]: 0.000000 (BF16: 0000)
# Time: 915000, Output values:
#   Output[0]: 0.050293 (BF16: 3d4e)
#   Output[1]: 0.130859 (BF16: 3e06)
#   Output[2]: 0.373047 (BF16: 3ebf)
#   Output[3]: 0.937500 (BF16: 3f70)
#   Output[4]: 0.937500 (BF16: 3f70)
#   Output[5]: 0.937500 (BF16: 3f70)
#   Output[6]: 0.937500 (BF16: 3f70)
#   Output[7]: 0.937500 (BF16: 3f70)
# Time: 985000, Input values:
#   Input[0]: -2.000000 (BF16: c000)
#   Input[1]: -1.000000 (BF16: bf80)
#   Input[2]: 0.000000 (BF16: 0000)
#   Input[3]: 0.000000 (BF16: 0000)
#   Input[4]: 0.000000 (BF16: 0000)
#   Input[5]: 0.000000 (BF16: 0000)
#   Input[6]: 0.000000 (BF16: 0000)
#   Input[7]: 0.000000 (BF16: 0000)
